ES2RT linker log file created on venerdì 3 dicembre 2010 5.15.55

Linking...
User Warning - Resource Id [ MissingTriggerTag ], caused in [ LinkerClass ]
User Warning - Resource Id [ MissingTriggerTag ], caused in [ LinkerClass ]
User Warning - Resource Id [ MissingTriggerTag ], caused in [ LinkerClass ]
User Warning - Resource Id [ MissingTriggerTag ], caused in [ LinkerClass ]
User Warning - Resource Id [ MissingTriggerTag ], caused in [ LinkerClass ]
User Warning - Resource Id [ MissingTriggerTag ], caused in [ LinkerClass ]
User Warning - Resource Id [ MissingTriggerTag ], caused in [ LinkerClass ]
User Warning - Resource Id [ MissingTriggerTag ], caused in [ LinkerClass ]
User Warning - Resource Id [ MissingTriggerTag ], caused in [ LinkerClass ]
User Warning - Resource Id [ MissingTriggerTag ], caused in [ LinkerClass ]
User Warning - Resource Id [ MissingTriggerTag ], caused in [ LinkerClass ]
User Warning - Resource Id [ MissingTriggerTag ], caused in [ LinkerClass ]
User Warning - Resource Id [ MissingTriggerTag ], caused in [ LinkerClass ]
User Warning - Resource Id [ MissingTriggerTag ], caused in [ LinkerClass ]
User Warning - Resource Id [ MissingTriggerTag ], caused in [ LinkerClass ]
User Warning - Resource Id [ MissingTriggerTag ], caused in [ LinkerClass ]
User Warning - Resource Id [ MissingTriggerTag ], caused in [ LinkerClass ]
User Warning - Resource Id [ MissingTriggerTag ], caused in [ LinkerClass ]
User Warning - Resource Id [ MissingTriggerTag ], caused in [ LinkerClass ]
User Warning - Resource Id [ MissingTriggerTag ], caused in [ LinkerClass ]
User Warning - Resource Id [ MissingTriggerTag ], caused in [ LinkerClass ]
User Warning - Resource Id [ MissingTriggerTag ], caused in [ LinkerClass ]
User Warning - Resource Id [ MissingTriggerTag ], caused in [ LinkerClass ]
User Warning - Resource Id [ MissingTriggerTag ], caused in [ LinkerClass ]
User Warning - Resource Id [ MissingTriggerTag ], caused in [ LinkerClass ]
User Warning - Resource Id [ MissingTriggerTag ], caused in [ LinkerClass ]
User Warning - Resource Id [ MissingTriggerTag ], caused in [ LinkerClass ]
User Warning - Resource Id [ MissingTriggerTag ], caused in [ LinkerClass ]
User Warning - Resource Id [ MissingTriggerTag ], caused in [ LinkerClass ]
User Warning - Resource Id [ MissingTriggerTag ], caused in [ LinkerClass ]
User Warning - Resource Id [ MissingTriggerTag ], caused in [ LinkerClass ]
User Warning - Resource Id [ MissingTriggerTag ], caused in [ LinkerClass ]
User Warning - Resource Id [ MissingTriggerTag ], caused in [ LinkerClass ]
User Warning - Resource Id [ MissingTriggerTag ], caused in [ LinkerClass ]
User Warning - Resource Id [ MissingTriggerTag ], caused in [ LinkerClass ]
User Warning - Resource Id [ MissingTriggerTag ], caused in [ LinkerClass ]
User Info - Resource Id [ NumberPowerTags ], caused in [ LinkerLicense ]
0 errors, 36 warnings - succeeded.

Writing "E:\Clienti\Asamec\Selmec\2 0 1 0\Cogeme\S700\S700_20101204\HmiEs\PROJECT_1\PROJECT_1.Device_1"...
Done.
